* ******************************************************************************

* iCEcube Placer

* Version:            2017.08.27940

* Build Date:         Sep 11 2017 17:12:22

* File Generated:     Jan 31 2020 15:12:44

* Purpose:            

* Copyright (C) 2006-2010 by Lattice Semiconductor Corp. All rights reserved.

* ******************************************************************************

Executing : C:\lscc\iCEcube2\sbt_backend\bin\win32\opt\sbtplacer.exe --des-lib C:/Users/User/Documents/Dev/awesome-board-firmware/HoloBlade_Implmnt/sbt/netlist/oadb-top --outdir C:/Users/User/Documents/Dev/awesome-board-firmware/HoloBlade_Implmnt/sbt/outputs/placer --device-file C:/lscc/iCEcube2/sbt_backend/devices\ICE40P04.dev --package TQ144 --lib-file C:/lscc/iCEcube2/sbt_backend/devices/ice40HX8K.lib --sdc-file C:/Users/User/Documents/Dev/awesome-board-firmware/HoloBlade_Implmnt/sbt/Temp/sbt_temp.sdc --out-sdc-file C:/Users/User/Documents/Dev/awesome-board-firmware/HoloBlade_Implmnt/sbt/outputs/placer/top_pl.sdc --deviceMarketName iCE40HX4K
I2004: Option and Settings Summary
=============================================================
Device file          - C:/lscc/iCEcube2/sbt_backend/devices\ICE40P04.dev
Package              - TQ144
Design database      - C:/Users/User/Documents/Dev/awesome-board-firmware/HoloBlade_Implmnt/sbt/netlist/oadb-top
SDC file             - C:/Users/User/Documents/Dev/awesome-board-firmware/HoloBlade_Implmnt/sbt/Temp/sbt_temp.sdc
Output directory     - C:/Users/User/Documents/Dev/awesome-board-firmware/HoloBlade_Implmnt/sbt/outputs/placer
Timing library       - C:/lscc/iCEcube2/sbt_backend/devices/ice40HX8K.lib
Effort level         - std

I2050: Starting reading inputs for placer
=============================================================
I2100: Reading design library: C:/Users/User/Documents/Dev/awesome-board-firmware/HoloBlade_Implmnt/sbt/netlist/oadb-top/BFPGA_DESIGN_ep
I2065: Reading device file : C:/lscc/iCEcube2/sbt_backend/devices\ICE40P04.dev
I2051: Reading of inputs for placer completed successfully

I2053: Starting placement of the design
=============================================================

Input Design Statistics
    Number of LUTs      	:	309
    Number of DFFs      	:	229
    Number of DFFs packed to IO	:	0
    Number of Carrys    	:	47
    Number of RAMs      	:	0
    Number of ROMs      	:	0
    Number of IOs       	:	104
    Number of GBIOs     	:	0
    Number of GBs       	:	1
    Number of WarmBoot  	:	0
    Number of PLLs      	:	1


Phase 1
I2077: Start design legalization
W2751: Ignoring set_io_ff constraint on UART_RX, since it is conflicting with set_io constraint
W2729: set_io_ff -in constraint specified on 'UART_RX' pin is infeasible. Ignoring the constraint

Design Legalization Statistics
    Number of feedthru LUTs inserted to legalize input of DFFs     	:	6
    Number of feedthru LUTs inserted for LUTs driving multiple DFFs	:	0
    Number of LUTs replicated for LUTs driving multiple DFFs       	:	4
    Number of feedthru LUTs inserted to legalize output of CARRYs  	:	0
    Number of feedthru LUTs inserted to legalize global signals    	:	2
    Number of feedthru CARRYs inserted to legalize input of CARRYs 	:	0
    Number of inserted LUTs to Legalize IOs with PIN_TYPE= 01xxxx  	:	0
    Number of inserted LUTs to Legalize IOs with PIN_TYPE= 10xxxx  	:	0
    Number of inserted LUTs to Legalize IOs with PIN_TYPE= 11xxxx  	:	0
    Total LUTs inserted                                            	:	12
    Total CARRYs inserted                                          	:	0


I2078: Design legalization is completed successfully
I2088: Phase 1, elapsed time : 0.0 (sec)


Phase 2
I2088: Phase 2, elapsed time : 0.0 (sec)

Phase 3
Warning-1403: No clock is reaching the reference clock pin 'REFERENCECLK' of PLL instance 'clock_inst.pll_config'. So, no clocks will be inferred at output of this PLL

Design Statistics after Packing
    Number of LUTs      	:	322
    Number of DFFs      	:	228
    Number of DFFs packed to IO	:	1
    Number of Carrys    	:	47

Device Utilization Summary after Packing
    Sequential LogicCells
        LUT and DFF      	:	181
        LUT, DFF and CARRY	:	47
    Combinational LogicCells
        Only LUT         	:	94
        CARRY Only       	:	0
        LUT with CARRY   	:	0
    LogicCells                  :	322/3520
    PLBs                        :	49/440
    BRAMs                       :	0/20
    IOs and GBIOs               :	104/107
    PLLs                        :	1/2


I2088: Phase 3, elapsed time : 0.3 (sec)

Phase 4
W2714: Invalid pin location 65 for IO ICE_CDONE. Assignment will be ignored
W2714: Invalid pin location 66 for IO ICE_CREST. Assignment will be ignored
I2088: Phase 4, elapsed time : 0.2 (sec)

Phase 5
I2088: Phase 5, elapsed time : 0.2 (sec)

Phase 6
I2088: Phase 6, elapsed time : 21.8 (sec)

Final Design Statistics
    Number of LUTs      	:	322
    Number of DFFs      	:	228
    Number of DFFs packed to IO	:	1
    Number of Carrys    	:	47
    Number of RAMs      	:	0
    Number of ROMs      	:	0
    Number of IOs       	:	104
    Number of GBIOs     	:	0
    Number of GBs       	:	1
    Number of WarmBoot  	:	0
    Number of PLLs      	:	1

Device Utilization Summary
    LogicCells                  :	322/3520
    PLBs                        :	79/440
    BRAMs                       :	0/20
    IOs and GBIOs               :	104/107
    PLLs                        :	1/2



#####################################################################
Placement Timing Summary

The timing summary is based on estimated routing delays after
placement. For final timing report, please carry out the timing
analysis after routing.
=====================================================================

#####################################################################
                     Clock Summary 
=====================================================================
Number of clocks: 1
Clock: top|\spi0/spi_clk | Frequency: 171.03 MHz | Target: 1.00 MHz

=====================================================================
                     End of Clock Summary
#####################################################################

I2054: Placement of design completed successfully

I2076: Placer run-time: 22.8 sec.

