Assembler report for FPGABlinky
Thu Jun 13 12:16:22 2019
Quartus Prime Version 18.1.0 Build 625 09/12/2018 SJ Lite Edition


---------------------
; Table of Contents ;
---------------------
  1. Legal Notice
  2. Assembler Summary
  3. Assembler Settings
  4. Assembler Generated Files
  5. Assembler Device Options: C:/Users/User/Documents/Dev/awesome-board-support/uart_fifo/output_files/FPGABlinky.sof
  6. Assembler Messages



----------------
; Legal Notice ;
----------------
Copyright (C) 2018  Intel Corporation. All rights reserved.
Your use of Intel Corporation's design tools, logic functions 
and other software and tools, and its AMPP partner logic 
functions, and any output files from any of the foregoing 
(including device programming or simulation files), and any 
associated documentation or information are expressly subject 
to the terms and conditions of the Intel Program License 
Subscription Agreement, the Intel Quartus Prime License Agreement,
the Intel FPGA IP License Agreement, or other applicable license
agreement, including, without limitation, that your use is for
the sole purpose of programming logic devices manufactured by
Intel and sold by Intel or its authorized distributors.  Please
refer to the applicable agreement for further details.



+-----------------------------------------------------------+
; Assembler Summary                                         ;
+-----------------------+-----------------------------------+
; Assembler Status      ; Failed - Thu Jun 13 12:16:22 2019 ;
; Revision Name         ; FPGABlinky                        ;
; Top-level Entity Name ; baseline_c5gx                     ;
; Family                ; Cyclone V                         ;
; Device                ; 5CGXFC5C6F27C7                    ;
+-----------------------+-----------------------------------+


+----------------------------------+
; Assembler Settings               ;
+--------+---------+---------------+
; Option ; Setting ; Default Value ;
+--------+---------+---------------+


+-----------------------------------------------------------------------------------------+
; Assembler Generated Files                                                               ;
+-----------------------------------------------------------------------------------------+
; File Name                                                                               ;
+-----------------------------------------------------------------------------------------+
; C:/Users/User/Documents/Dev/awesome-board-support/uart_fifo/output_files/FPGABlinky.sof ;
+-----------------------------------------------------------------------------------------+


+-------------------------------------------------------------------------------------------------------------------+
; Assembler Device Options: C:/Users/User/Documents/Dev/awesome-board-support/uart_fifo/output_files/FPGABlinky.sof ;
+----------------+--------------------------------------------------------------------------------------------------+
; Option         ; Setting                                                                                          ;
+----------------+--------------------------------------------------------------------------------------------------+
; JTAG usercode  ; 0x0086C0E9                                                                                       ;
; Checksum       ; 0x0086C0E9                                                                                       ;
+----------------+--------------------------------------------------------------------------------------------------+


+--------------------+
; Assembler Messages ;
+--------------------+
Info: *******************************************************************
Info: Running Quartus Prime Assembler
    Info: Version 18.1.0 Build 625 09/12/2018 SJ Lite Edition
    Info: Processing started: Thu Jun 13 12:16:17 2019
Info: Command: quartus_asm --read_settings_files=off --write_settings_files=off FPGABlinky -c FPGABlinky
Warning (18236): Number of processors has not been specified which may cause overloading on shared machines.  Set the global assignment NUM_PARALLEL_PROCESSORS in your QSF to an appropriate value for best performance.
Info (115030): Assembler is generating device programming files
Error (210006): Can't save or open file C:/Users/User/Documents/Dev/awesome-board-support/uart_fifo/output_files/FPGABlinky.pof
Error: Quartus Prime Assembler was unsuccessful. 1 error, 1 warning
    Error: Peak virtual memory: 4850 megabytes
    Error: Processing ended: Thu Jun 13 12:16:22 2019
    Error: Elapsed time: 00:00:05
    Error: Total CPU time (on all processors): 00:00:06


