INPUT  SOUT 	 location (5, 21, 0) 	 139 	 SB_LVCMOS
OUTPUT SCK 	 location (2, 21, 1) 	 144 	 SB_LVCMOS
INPUT  FIFO_D31 	 location (0, 13, 0) 	 16 	 SB_LVCMOS
INPUT  FIFO_D20 	 location (0, 3, 0) 	 29 	 SB_LVCMOS
INPUT  FIFO_D13 	 location (3, 0, 1) 	 39 	 SB_LVCMOS
INPUT  FIFO_D1 	 location (19, 0, 0) 	 61 	 SB_LVCMOS
INPUT  FIFO_CLK 	 location (0, 10, 1) 	 21 	 SB_LVCMOS
OUTPUT DATA15 	 location (25, 19, 0) 	 105 	 SB_LVCMOS
OUTPUT DATA4 	 location (19, 21, 1) 	 119 	 SB_LVCMOS
OUTPUT DATA23 	 location (19, 21, 0) 	 120 	 SB_LVCMOS
OUTPUT RST 	 location (25, 3, 1) 	 78 	 SB_LVCMOS
INPUT  FIFO_D4 	 location (17, 0, 1) 	 55 	 SB_LVCMOS
INPUT  FIFO_D14 	 location (2, 0, 1) 	 38 	 SB_LVCMOS
OUTPUT UART_TX 	 location (25, 4, 0) 	 79 	 SB_LVCMOS
OUTPUT DATA10 	 location (25, 13, 1) 	 96 	 SB_LVCMOS
OUTPUT DATA28 	 location (9, 21, 1) 	 130 	 SB_LVCMOS
OUTPUT DATA19 	 location (23, 21, 0) 	 114 	 SB_LVCMOS
OUTPUT SDAT 	 location (3, 21, 0) 	 143 	 SB_LVCMOS
OUTPUT FT_SIWU 	 location (0, 18, 1) 	 7 	 SB_LVCMOS
OUTPUT DATA0 	 location (5, 21, 1) 	 138 	 SB_LVCMOS
OUTPUT FT_WR 	 location (0, 19, 0) 	 4 	 SB_LVCMOS
INPUT  FIFO_D27 	 location (0, 11, 0) 	 20 	 SB_LVCMOS
INPUT  FIFO_D10 	 location (7, 0, 1) 	 43 	 SB_LVCMOS
INPUT  FIFO_D0 	 location (21, 0, 0) 	 62 	 SB_LVCMOS
OUTPUT DEBUG_0 	 location (25, 6, 0) 	 83 	 SB_LVCMOS
INPUT  FIFO_D9 	 location (8, 0, 0) 	 44 	 SB_LVCMOS
OUTPUT DATA14 	 location (25, 17, 0) 	 102 	 SB_LVCMOS
OUTPUT UPDATE 	 location (25, 9, 0) 	 88 	 SB_LVCMOS
OUTPUT RESET 	 location (3, 21, 1) 	 142 	 SB_LVCMOS
INPUT  FIFO_D21 	 location (0, 3, 1) 	 28 	 SB_LVCMOS
INPUT  FIFO_D12 	 location (4, 0, 1) 	 41 	 SB_LVCMOS
OUTPUT DEBUG_6 	 location (25, 5, 1) 	 82 	 SB_LVCMOS
OUTPUT DATA5 	 location (22, 21, 0) 	 116 	 SB_LVCMOS
OUTPUT DATA24 	 location (18, 21, 0) 	 121 	 SB_LVCMOS
OUTPUT SEN 	 location (4, 21, 0) 	 141 	 SB_LVCMOS
INPUT  FIFO_D7 	 location (11, 0, 1) 	 47 	 SB_LVCMOS
INPUT  FIFO_D15 	 location (2, 0, 0) 	 37 	 SB_LVCMOS
OUTPUT ICE_CREST 	 location (0, 17, 0) 	 10 	 SB_LVCMOS
INPUT  FIFO_D23 	 location (0, 6, 1) 	 25 	 SB_LVCMOS
OUTPUT DATA3 	 location (15, 21, 1) 	 122 	 SB_LVCMOS
OUTPUT DATA22 	 location (20, 21, 0) 	 118 	 SB_LVCMOS
OUTPUT DATA13 	 location (25, 16, 1) 	 101 	 SB_LVCMOS
OUTPUT INVERT 	 location (25, 10, 0) 	 91 	 SB_LVCMOS
OUTPUT FT_RD 	 location (0, 19, 1) 	 3 	 SB_LVCMOS
INPUT  FIFO_D5 	 location (12, 0, 1) 	 49 	 SB_LVCMOS
INPUT  FIFO_D24 	 location (0, 7, 0) 	 24 	 SB_LVCMOS
INPUT  FIFO_D17 	 location (0, 1, 1) 	 33 	 SB_LVCMOS
OUTPUT DSR 	 location (25, 1, 1) 	 74 	 SB_LVCMOS
OUTPUT DEBUG_3 	 location (25, 8, 1) 	 87 	 SB_LVCMOS
OUTPUT DATA29 	 location (7, 21, 0) 	 135 	 SB_LVCMOS
OUTPUT DATA18 	 location (24, 21, 0) 	 112 	 SB_LVCMOS
INPUT  ICE_SYSCLK 	 location (25, 10, 1) 	 93 	 SB_LVCMOS
OUTPUT ICE_CLK 	 location (13, 0, 0) 	 52 	 SB_LVCMOS
OUTPUT DATA20 	 location (22, 21, 1) 	 115 	 SB_LVCMOS
OUTPUT DATA11 	 location (25, 14, 0) 	 97 	 SB_LVCMOS
OUTPUT DATA1 	 location (7, 21, 1) 	 134 	 SB_LVCMOS
OUTPUT VALID 	 location (25, 11, 0) 	 94 	 SB_LVCMOS
OUTPUT SYNC 	 location (25, 9, 1) 	 90 	 SB_LVCMOS
INPUT  FIFO_D3 	 location (18, 0, 0) 	 56 	 SB_LVCMOS
INPUT  FIFO_D26 	 location (0, 10, 0) 	 22 	 SB_LVCMOS
INPUT  FIFO_D11 	 location (5, 0, 0) 	 42 	 SB_LVCMOS
OUTPUT DEBUG_1 	 location (25, 6, 1) 	 84 	 SB_LVCMOS
OUTPUT DATA8 	 location (25, 18, 1) 	 104 	 SB_LVCMOS
OUTPUT DATA31 	 location (6, 21, 0) 	 137 	 SB_LVCMOS
OUTPUT DATA27 	 location (12, 21, 1) 	 129 	 SB_LVCMOS
OUTPUT CTS 	 location (25, 2, 1) 	 76 	 SB_LVCMOS
INPUT  FIFO_D8 	 location (8, 0, 1) 	 45 	 SB_LVCMOS
INPUT  FIFO_D18 	 location (0, 2, 0) 	 32 	 SB_LVCMOS
OUTPUT DEBUG_8 	 location (22, 0, 0) 	 63 	 SB_LVCMOS
OUTPUT DCD 	 location (25, 1, 0) 	 73 	 SB_LVCMOS
OUTPUT DATA17 	 location (24, 21, 1) 	 110 	 SB_LVCMOS
OUTPUT SLM_CLK 	 location (25, 12, 1) 	 95 	 SB_LVCMOS
OUTPUT DATA6 	 location (23, 21, 1) 	 113 	 SB_LVCMOS
OUTPUT DATA25 	 location (15, 21, 0) 	 124 	 SB_LVCMOS
OUTPUT ICE_CDONE 	 location (0, 13, 1) 	 15 	 SB_LVCMOS
INPUT  FIFO_D6 	 location (12, 0, 0) 	 48 	 SB_LVCMOS
INPUT  FIFO_D29 	 location (0, 12, 0) 	 18 	 SB_LVCMOS
INPUT  UART_RX 	 location (25, 4, 1) 	 80 	 SB_LVCMOS
INPUT  FIFO_D22 	 location (0, 6, 0) 	 26 	 SB_LVCMOS
OUTPUT DEBUG_5 	 location (25, 5, 0) 	 81 	 SB_LVCMOS
OUTPUT DATA12 	 location (25, 14, 1) 	 98 	 SB_LVCMOS
OUTPUT DTR 	 location (25, 2, 0) 	 75 	 SB_LVCMOS
OUTPUT DATA21 	 location (21, 21, 1) 	 117 	 SB_LVCMOS
OUTPUT DATA2 	 location (13, 21, 0) 	 128 	 SB_LVCMOS
INPUT  FIFO_D25 	 location (0, 7, 1) 	 23 	 SB_LVCMOS
INPUT  FIFO_D2 	 location (18, 0, 1) 	 60 	 SB_LVCMOS
INPUT  FIFO_D16 	 location (0, 1, 0) 	 34 	 SB_LVCMOS
OUTPUT DEBUG_2 	 location (25, 7, 1) 	 85 	 SB_LVCMOS
OUTPUT DATA9 	 location (25, 15, 1) 	 99 	 SB_LVCMOS
OUTPUT DATA30 	 location (6, 21, 1) 	 136 	 SB_LVCMOS
INPUT  FR_RXF 	 location (0, 18, 0) 	 8 	 SB_LVCMOS
INPUT  FIFO_D19 	 location (0, 2, 1) 	 31 	 SB_LVCMOS
OUTPUT DEBUG_9 	 location (22, 0, 1) 	 64 	 SB_LVCMOS
OUTPUT DATA16 	 location (25, 19, 1) 	 106 	 SB_LVCMOS
OUTPUT FT_OE 	 location (0, 20, 0) 	 2 	 SB_LVCMOS
OUTPUT DATA7 	 location (25, 20, 0) 	 107 	 SB_LVCMOS
OUTPUT DATA26 	 location (14, 21, 1) 	 125 	 SB_LVCMOS
INPUT  FIFO_D30 	 location (0, 12, 1) 	 17 	 SB_LVCMOS
INPUT  FIFO_D28 	 location (0, 11, 1) 	 19 	 SB_LVCMOS
